<?xml version="1.0" encoding="UTF-8"?>
<!-- Generated by org.testng.reporters.JUnitReportReporter -->
<testsuite hostname="PC100" failures="0" tests="1" name="RunnerFile.singInRunnerFile" time="0.156" errors="0" timestamp="2024-05-16T18:27:58 EDT" skipped="0">
  <testcase classname="RunnerFile.singInRunnerFile" name="runScenario" time="0.156"/>
  <system-out/>
</testsuite> <!-- RunnerFile.singInRunnerFile -->
